09:06:44.070 [main] DEBUG io.netty.util.internal.PlatformDependent0 - java.nio.DirectByteBuffer.<init>(long, int): unavailable
09:06:44.073 [main] DEBUG io.netty.util.internal.PlatformDependent - sun.misc.Unsafe: available
09:06:44.073 [main] DEBUG io.netty.util.internal.PlatformDependent - maxDirectMemory: 2095054848 bytes (maybe)
09:06:44.073 [main] DEBUG io.netty.util.internal.PlatformDependent - -Dio.netty.tmpdir: C:\Users\sgupt\AppData\Local\Temp (java.io.tmpdir)
09:06:44.073 [main] DEBUG io.netty.util.internal.PlatformDependent - -Dio.netty.bitMode: 64 (sun.arch.data.model)
09:06:44.074 [main] DEBUG io.netty.util.internal.PlatformDependent - Platform: Windows
09:06:44.085 [main] DEBUG io.netty.util.internal.PlatformDependent - -Dio.netty.maxDirectMemory: -1 bytes
09:06:44.085 [main] DEBUG io.netty.util.internal.PlatformDependent - -Dio.netty.uninitializedArrayAllocationThreshold: -1
09:06:44.086 [main] DEBUG io.netty.util.internal.CleanerJava9 - java.nio.ByteBuffer.cleaner(): available
09:06:44.086 [main] DEBUG io.netty.util.internal.PlatformDependent - -Dio.netty.noPreferDirect: false
09:06:44.090 [main] DEBUG io.netty.util.internal.PlatformDependent - org.jctools-core.MpscChunkedArrayQueue: available
09:06:44.102 [main] DEBUG io.netty.util.internal.InternalThreadLocalMap - -Dio.netty.threadLocalMap.stringBuilder.initialSize: 1024
09:06:44.102 [main] DEBUG io.netty.util.internal.InternalThreadLocalMap - -Dio.netty.threadLocalMap.stringBuilder.maxSize: 4096
09:06:44.198 [main] DEBUG io.netty.handler.ssl.JdkSslContext - Default protocols (JDK): [TLSv1.3, TLSv1.2] 
09:06:44.198 [main] DEBUG io.netty.handler.ssl.JdkSslContext - Default cipher suites (JDK): [TLS_ECDHE_ECDSA_WITH_AES_256_GCM_SHA384, TLS_ECDHE_ECDSA_WITH_AES_128_GCM_SHA256, TLS_ECDHE_RSA_WITH_AES_128_GCM_SHA256, TLS_ECDHE_RSA_WITH_AES_256_GCM_SHA384, TLS_ECDHE_RSA_WITH_AES_128_CBC_SHA, TLS_ECDHE_RSA_WITH_AES_256_CBC_SHA, TLS_RSA_WITH_AES_128_GCM_SHA256, TLS_RSA_WITH_AES_128_CBC_SHA, TLS_RSA_WITH_AES_256_CBC_SHA, TLS_AES_128_GCM_SHA256, TLS_AES_256_GCM_SHA384]
09:06:44.207 [main] DEBUG io.netty.util.concurrent.GlobalEventExecutor - -Dio.netty.globalEventExecutor.quietPeriodSeconds: 1
09:06:44.216 [main] DEBUG io.netty.channel.MultithreadEventLoopGroup - -Dio.netty.eventLoopThreads: 16
09:06:44.222 [main] DEBUG io.netty.channel.nio.NioEventLoop - -Dio.netty.noKeySetOptimization: false
09:06:44.222 [main] DEBUG io.netty.channel.nio.NioEventLoop - -Dio.netty.selectorAutoRebuildThreshold: 512
09:06:44.230 [main] TRACE io.netty.channel.nio.NioEventLoop - instrumented a special java.util.Set into: sun.nio.ch.WEPollSelectorImpl@3ce53f6a
09:06:44.231 [main] TRACE io.netty.channel.nio.NioEventLoop - instrumented a special java.util.Set into: sun.nio.ch.WEPollSelectorImpl@59d77850
09:06:44.232 [main] TRACE io.netty.channel.nio.NioEventLoop - instrumented a special java.util.Set into: sun.nio.ch.WEPollSelectorImpl@53ed09e8
09:06:44.232 [main] TRACE io.netty.channel.nio.NioEventLoop - instrumented a special java.util.Set into: sun.nio.ch.WEPollSelectorImpl@60859f5a
09:06:44.233 [main] TRACE io.netty.channel.nio.NioEventLoop - instrumented a special java.util.Set into: sun.nio.ch.WEPollSelectorImpl@1daf3b44
09:06:44.234 [main] TRACE io.netty.channel.nio.NioEventLoop - instrumented a special java.util.Set into: sun.nio.ch.WEPollSelectorImpl@7fd8c559
09:06:44.234 [main] TRACE io.netty.channel.nio.NioEventLoop - instrumented a special java.util.Set into: sun.nio.ch.WEPollSelectorImpl@44c13103
09:06:44.235 [main] TRACE io.netty.channel.nio.NioEventLoop - instrumented a special java.util.Set into: sun.nio.ch.WEPollSelectorImpl@8f2098e
09:06:44.235 [main] TRACE io.netty.channel.nio.NioEventLoop - instrumented a special java.util.Set into: sun.nio.ch.WEPollSelectorImpl@6c6366cf
09:06:44.236 [main] TRACE io.netty.channel.nio.NioEventLoop - instrumented a special java.util.Set into: sun.nio.ch.WEPollSelectorImpl@55a88417
09:06:44.237 [main] TRACE io.netty.channel.nio.NioEventLoop - instrumented a special java.util.Set into: sun.nio.ch.WEPollSelectorImpl@18acfe88
09:06:44.237 [main] TRACE io.netty.channel.nio.NioEventLoop - instrumented a special java.util.Set into: sun.nio.ch.WEPollSelectorImpl@8a2a6a
09:06:44.238 [main] TRACE io.netty.channel.nio.NioEventLoop - instrumented a special java.util.Set into: sun.nio.ch.WEPollSelectorImpl@772861aa
09:06:44.239 [main] TRACE io.netty.channel.nio.NioEventLoop - instrumented a special java.util.Set into: sun.nio.ch.WEPollSelectorImpl@6631cb64
09:06:44.239 [main] TRACE io.netty.channel.nio.NioEventLoop - instrumented a special java.util.Set into: sun.nio.ch.WEPollSelectorImpl@19962194
09:06:44.241 [main] TRACE io.netty.channel.nio.NioEventLoop - instrumented a special java.util.Set into: sun.nio.ch.WEPollSelectorImpl@481e91b6
09:06:44.253 [main] DEBUG io.netty.buffer.PooledByteBufAllocator - -Dio.netty.allocator.numHeapArenas: 16
09:06:44.253 [main] DEBUG io.netty.buffer.PooledByteBufAllocator - -Dio.netty.allocator.numDirectArenas: 16
09:06:44.253 [main] DEBUG io.netty.buffer.PooledByteBufAllocator - -Dio.netty.allocator.pageSize: 8192
09:06:44.253 [main] DEBUG io.netty.buffer.PooledByteBufAllocator - -Dio.netty.allocator.maxOrder: 9
09:06:44.253 [main] DEBUG io.netty.buffer.PooledByteBufAllocator - -Dio.netty.allocator.chunkSize: 4194304
09:06:44.253 [main] DEBUG io.netty.buffer.PooledByteBufAllocator - -Dio.netty.allocator.smallCacheSize: 256
09:06:44.253 [main] DEBUG io.netty.buffer.PooledByteBufAllocator - -Dio.netty.allocator.normalCacheSize: 64
09:06:44.253 [main] DEBUG io.netty.buffer.PooledByteBufAllocator - -Dio.netty.allocator.maxCachedBufferCapacity: 32768
09:06:44.253 [main] DEBUG io.netty.buffer.PooledByteBufAllocator - -Dio.netty.allocator.cacheTrimInterval: 8192
09:06:44.253 [main] DEBUG io.netty.buffer.PooledByteBufAllocator - -Dio.netty.allocator.cacheTrimIntervalMillis: 0
09:06:44.254 [main] DEBUG io.netty.buffer.PooledByteBufAllocator - -Dio.netty.allocator.useCacheForAllThreads: false
09:06:44.254 [main] DEBUG io.netty.buffer.PooledByteBufAllocator - -Dio.netty.allocator.maxCachedByteBuffersPerChunk: 1023
09:06:44.260 [main] DEBUG io.netty.buffer.ByteBufUtil - -Dio.netty.allocator.type: pooled
09:06:44.260 [main] DEBUG io.netty.buffer.ByteBufUtil - -Dio.netty.threadLocalDirectBufferSize: 0
09:06:44.260 [main] DEBUG io.netty.buffer.ByteBufUtil - -Dio.netty.maxThreadLocalCharBufferSize: 16384
09:06:44.475 [Forwarding newSession on session null to remote] DEBUG io.netty.channel.DefaultChannelId - -Dio.netty.processId: 9900 (auto-detected)
09:06:44.477 [Forwarding newSession on session null to remote] DEBUG io.netty.util.NetUtil - -Djava.net.preferIPv4Stack: false
09:06:44.477 [Forwarding newSession on session null to remote] DEBUG io.netty.util.NetUtil - -Djava.net.preferIPv6Addresses: false
09:06:44.482 [Forwarding newSession on session null to remote] DEBUG io.netty.util.NetUtilInitializations - Loopback interface: lo (Software Loopback Interface 1, 127.0.0.1)
09:06:44.482 [Forwarding newSession on session null to remote] DEBUG io.netty.util.NetUtil - Failed to get SOMAXCONN from sysctl and file \proc\sys\net\core\somaxconn. Default: 200
09:06:44.488 [Forwarding newSession on session null to remote] DEBUG io.netty.channel.DefaultChannelId - -Dio.netty.machineId: 70:cf:49:ff:fe:35:f3:d6 (auto-detected)
09:06:44.519 [AsyncHttpClient-1-2] DEBUG io.netty.buffer.AbstractByteBuf - -Dio.netty.buffer.checkAccessible: true
09:06:44.520 [AsyncHttpClient-1-2] DEBUG io.netty.buffer.AbstractByteBuf - -Dio.netty.buffer.checkBounds: true
09:06:44.520 [AsyncHttpClient-1-2] DEBUG io.netty.util.ResourceLeakDetectorFactory - Loaded default ResourceLeakDetector: io.netty.util.ResourceLeakDetector@6c138e4
09:06:44.537 [AsyncHttpClient-1-2] DEBUG io.netty.util.Recycler - -Dio.netty.recycler.maxCapacityPerThread: 4096
09:06:44.537 [AsyncHttpClient-1-2] DEBUG io.netty.util.Recycler - -Dio.netty.recycler.ratio: 8
09:06:44.537 [AsyncHttpClient-1-2] DEBUG io.netty.util.Recycler - -Dio.netty.recycler.chunkSize: 32
09:06:44.537 [AsyncHttpClient-1-2] DEBUG io.netty.util.Recycler - -Dio.netty.recycler.blocking: false
09:06:44.537 [AsyncHttpClient-1-2] DEBUG io.netty.util.Recycler - -Dio.netty.recycler.batchFastThreadLocalOnly: true
09:06:45.100 [AsyncHttpClient-1-2] DEBUG io.netty.handler.codec.compression.Brotli - brotli4j not in the classpath; Brotli support will be unavailable.
09:06:45.164 [main] DEBUG io.netty.util.internal.ThreadLocalRandom - -Dio.netty.initialSeedUniquifier: 0xea0cb01f53971c50
09:06:45.703 [main] INFO  stepDefinitions.Steps - Clicked on My Account 
09:06:45.926 [main] INFO  stepDefinitions.Steps - Clicked on Login 
09:06:46.014 [main] INFO  stepDefinitions.Steps - Provided Email 
09:06:46.068 [main] INFO  stepDefinitions.Steps - Provided Password 
09:06:46.268 [main] INFO  stepDefinitions.Steps - Clicked on Login button
09:06:46.305 [main] INFO  stepDefinitions.Steps - Login Success 
09:06:46.312 [AsyncHttpClient-1-4] TRACE io.netty.handler.codec.http.websocketx.WebSocket08FrameEncoder - Encoding WebSocket Frame opCode=8 length=26
09:06:47.891 [main] INFO  stepDefinitions.Steps - Clicked on My Account 
09:06:48.097 [main] INFO  stepDefinitions.Steps - Clicked on Login 
09:06:48.173 [main] INFO  stepDefinitions.Steps - Provided Email 
09:06:48.237 [main] INFO  stepDefinitions.Steps - Provided Password 
09:06:48.465 [main] INFO  stepDefinitions.Steps - Clicked on Login button
09:06:48.499 [main] INFO  stepDefinitions.Steps - Login Success 
09:06:48.500 [AsyncHttpClient-1-7] TRACE io.netty.handler.codec.http.websocketx.WebSocket08FrameEncoder - Encoding WebSocket Frame opCode=8 length=26
09:06:50.140 [main] INFO  stepDefinitions.Steps - Clicked on My Account 
09:06:50.351 [main] INFO  stepDefinitions.Steps - Clicked on Login 
09:06:50.438 [main] INFO  stepDefinitions.Steps - Provided Email 
09:06:50.492 [main] INFO  stepDefinitions.Steps - Provided Password 
09:06:50.702 [main] INFO  stepDefinitions.Steps - Clicked on Login button
09:06:50.740 [main] INFO  stepDefinitions.Steps - Login Success 
09:06:50.742 [AsyncHttpClient-1-10] TRACE io.netty.handler.codec.http.websocketx.WebSocket08FrameEncoder - Encoding WebSocket Frame opCode=8 length=26
09:06:52.346 [main] INFO  stepDefinitions.Steps - Clicked on My Account 
09:06:52.558 [main] INFO  stepDefinitions.Steps - Clicked on Login 
09:06:52.730 [main] DEBUG org.apache.poi.openxml4j.opc.PackageRelationshipCollection - Parsing relationship: /xl/_rels/workbook.xml.rels
09:06:52.733 [main] DEBUG org.apache.poi.openxml4j.opc.PackageRelationshipCollection - Parsing relationship: /xl/worksheets/_rels/sheet1.xml.rels
09:06:52.737 [main] DEBUG org.apache.poi.openxml4j.opc.PackageRelationshipCollection - Parsing relationship: /_rels/.rels
09:06:53.024 [main] TRACE org.apache.xmlbeans.impl.common.XBeanDebug - Loading type system org.apache.poi.schemas.ooxml.system.ooxml
09:06:53.028 [main] TRACE org.apache.xmlbeans.impl.common.XBeanDebug - Loading type system org.apache.xmlbeans.metadata.system.sXMLCONFIG
09:06:53.029 [main] TRACE org.apache.xmlbeans.impl.common.XBeanDebug - Loading type system org.apache.xmlbeans.metadata.system.sXMLLANG
09:06:53.030 [main] TRACE org.apache.xmlbeans.impl.common.XBeanDebug - Loading type system org.apache.xmlbeans.metadata.system.sXMLSCHEMA
09:06:53.030 [main] TRACE org.apache.xmlbeans.impl.common.XBeanDebug - Loading type system org.apache.xmlbeans.metadata.system.sXMLTOOLS
09:06:53.031 [main] TRACE org.apache.xmlbeans.impl.common.XBeanDebug - Reading unresolved handles for type system org.apache.xmlbeans.metadata.system.sXMLTOOLS
09:06:53.048 [main] TRACE org.apache.xmlbeans.impl.common.XBeanDebug - Finished loading type system org.apache.xmlbeans.metadata.system.sXMLTOOLS
09:06:53.049 [main] TRACE org.apache.xmlbeans.impl.common.XBeanDebug - Reading unresolved handles for type system org.apache.xmlbeans.metadata.system.sXMLSCHEMA
09:06:53.058 [main] TRACE org.apache.xmlbeans.impl.common.XBeanDebug - Finished loading type system org.apache.xmlbeans.metadata.system.sXMLSCHEMA
09:06:53.060 [main] TRACE org.apache.xmlbeans.impl.common.XBeanDebug - Reading unresolved handles for type system org.apache.xmlbeans.metadata.system.sXMLLANG
09:06:53.061 [main] TRACE org.apache.xmlbeans.impl.common.XBeanDebug - Finished loading type system org.apache.xmlbeans.metadata.system.sXMLLANG
09:06:53.062 [main] TRACE org.apache.xmlbeans.impl.common.XBeanDebug - Reading unresolved handles for type system org.apache.xmlbeans.metadata.system.sXMLCONFIG
09:06:53.064 [main] TRACE org.apache.xmlbeans.impl.common.XBeanDebug - Finished loading type system org.apache.xmlbeans.metadata.system.sXMLCONFIG
09:06:53.064 [main] TRACE org.apache.xmlbeans.impl.common.XBeanDebug - Reading unresolved handles for type system org.apache.poi.schemas.ooxml.system.ooxml
09:06:53.171 [main] TRACE org.apache.xmlbeans.impl.common.XBeanDebug - Finished loading type system org.apache.poi.schemas.ooxml.system.ooxml
09:06:53.172 [main] TRACE org.apache.xmlbeans.impl.common.XBeanDebug - Resolving type for handle themefd26doctype
09:06:53.267 [main] TRACE org.apache.xmlbeans.impl.common.XBeanDebug - Resolving type for handle stylesheet5d8bdoctype
09:06:53.276 [main] TRACE org.apache.xmlbeans.impl.common.XBeanDebug - Resolving type for handle ctstylesheet4257type
09:06:53.283 [main] TRACE org.apache.xmlbeans.impl.common.XBeanDebug - Resolving type for handle ctfonts6623type
09:06:53.286 [main] TRACE org.apache.xmlbeans.impl.common.XBeanDebug - Resolving type for handle ctfont14d8type
09:06:53.293 [main] TRACE org.apache.xmlbeans.impl.common.XBeanDebug - Resolving type for handle ctfills2c6ftype
09:06:53.297 [main] TRACE org.apache.xmlbeans.impl.common.XBeanDebug - Resolving type for handle ctfill550ctype
09:06:53.300 [main] TRACE org.apache.xmlbeans.impl.common.XBeanDebug - Resolving type for handle ctborders0d66type
09:06:53.303 [main] TRACE org.apache.xmlbeans.impl.common.XBeanDebug - Resolving type for handle ctborderf935type
09:06:53.308 [main] TRACE org.apache.xmlbeans.impl.common.XBeanDebug - Resolving type for handle ctcellxfs1322type
09:06:53.311 [main] TRACE org.apache.xmlbeans.impl.common.XBeanDebug - Resolving type for handle ctxf97f7type
09:06:53.316 [main] TRACE org.apache.xmlbeans.impl.common.XBeanDebug - Resolving type for handle ctcellstylexfsa81ftype
09:06:53.318 [main] TRACE org.apache.xmlbeans.impl.common.XBeanDebug - Resolving type for handle ctdxfsb26atype
09:06:53.321 [main] TRACE org.apache.xmlbeans.impl.common.XBeanDebug - Resolving type for handle cttablestyles872ftype
09:06:53.326 [main] TRACE org.apache.xmlbeans.impl.common.XBeanDebug - Resolving type for handle sstf81fdoctype
09:06:53.332 [main] TRACE org.apache.xmlbeans.impl.common.XBeanDebug - Resolving type for handle ctsst44f3type
09:06:53.344 [main] TRACE org.apache.xmlbeans.impl.common.XBeanDebug - Resolving type for handle ctrsta472type
09:06:53.371 [main] DEBUG org.apache.poi.ooxml.POIXMLFactory - using default POIXMLDocumentPart for http://schemas.openxmlformats.org/officeDocument/2006/relationships/printerSettings
09:06:53.373 [main] TRACE org.apache.xmlbeans.impl.common.XBeanDebug - Resolving type for handle workbookec17doctype
09:06:53.381 [main] TRACE org.apache.xmlbeans.impl.common.XBeanDebug - Resolving type for handle ctworkbook83c3type
09:06:53.392 [main] TRACE org.apache.xmlbeans.impl.common.XBeanDebug - Resolving type for handle ctsheets49fdtype
09:06:53.395 [main] TRACE org.apache.xmlbeans.impl.common.XBeanDebug - Resolving type for handle ctsheet4dbetype
09:06:53.399 [main] TRACE org.apache.xmlbeans.impl.common.XBeanDebug - Resolving type for handle strelationshipid1e94type
09:06:53.402 [main] TRACE org.apache.xmlbeans.impl.common.XBeanDebug - Resolving type for handle worksheetf539doctype
09:06:53.412 [main] TRACE org.apache.xmlbeans.impl.common.XBeanDebug - Resolving type for handle ctworksheet530dtype
09:06:53.421 [main] TRACE org.apache.xmlbeans.impl.common.XBeanDebug - Resolving type for handle ctsheetdata8408type
09:06:53.425 [main] TRACE org.apache.xmlbeans.impl.common.XBeanDebug - Resolving type for handle ctrowdd39type
09:06:53.433 [main] TRACE org.apache.xmlbeans.impl.common.XBeanDebug - Resolving type for handle ctcell842btype
09:06:53.443 [main] TRACE org.apache.xmlbeans.impl.common.XBeanDebug - Resolving type for handle stcellrefe4e0type
09:06:53.455 [main] TRACE org.apache.xmlbeans.impl.common.XBeanDebug - Resolving type for handle ctcols627ctype
09:06:53.463 [main] TRACE org.apache.xmlbeans.impl.common.XBeanDebug - Resolving type for handle ctcola95ftype
09:06:53.486 [main] TRACE org.apache.xmlbeans.impl.common.XBeanDebug - Resolving type for handle cthyperlinks6416type
09:06:53.490 [main] TRACE org.apache.xmlbeans.impl.common.XBeanDebug - Resolving type for handle cthyperlink0c85type
09:06:53.509 [main] TRACE org.apache.xmlbeans.impl.common.XBeanDebug - Resolving type for handle stxstringf179type
09:06:53.515 [main] TRACE org.apache.xmlbeans.impl.common.XBeanDebug - Resolving type for handle stcelltypebf95type
09:06:55.802 [main] INFO  stepDefinitions.Steps - Clicked on My Account 
09:06:55.983 [main] INFO  stepDefinitions.Steps - Clicked on Login 
09:06:55.992 [main] DEBUG org.apache.poi.openxml4j.opc.PackageRelationshipCollection - Parsing relationship: /xl/_rels/workbook.xml.rels
09:06:55.993 [main] DEBUG org.apache.poi.openxml4j.opc.PackageRelationshipCollection - Parsing relationship: /xl/worksheets/_rels/sheet1.xml.rels
09:06:55.994 [main] DEBUG org.apache.poi.openxml4j.opc.PackageRelationshipCollection - Parsing relationship: /_rels/.rels
09:06:56.010 [main] DEBUG org.apache.poi.ooxml.POIXMLFactory - using default POIXMLDocumentPart for http://schemas.openxmlformats.org/officeDocument/2006/relationships/printerSettings
09:07:08.095 [main] INFO  stepDefinitions.Steps - Clicked on My Account 
09:07:08.306 [main] INFO  stepDefinitions.Steps - Clicked on Login 
09:07:08.319 [main] DEBUG org.apache.poi.openxml4j.opc.PackageRelationshipCollection - Parsing relationship: /xl/_rels/workbook.xml.rels
09:07:08.322 [main] DEBUG org.apache.poi.openxml4j.opc.PackageRelationshipCollection - Parsing relationship: /xl/worksheets/_rels/sheet1.xml.rels
09:07:08.326 [main] DEBUG org.apache.poi.openxml4j.opc.PackageRelationshipCollection - Parsing relationship: /_rels/.rels
09:07:08.339 [main] DEBUG org.apache.poi.ooxml.POIXMLFactory - using default POIXMLDocumentPart for http://schemas.openxmlformats.org/officeDocument/2006/relationships/printerSettings
09:07:20.307 [main] INFO  stepDefinitions.Steps - Clicked on My Account 
09:07:20.515 [main] INFO  stepDefinitions.Steps - Clicked on Login 
09:07:20.531 [main] DEBUG org.apache.poi.openxml4j.opc.PackageRelationshipCollection - Parsing relationship: /xl/_rels/workbook.xml.rels
09:07:20.534 [main] DEBUG org.apache.poi.openxml4j.opc.PackageRelationshipCollection - Parsing relationship: /xl/worksheets/_rels/sheet1.xml.rels
09:07:20.534 [main] DEBUG org.apache.poi.openxml4j.opc.PackageRelationshipCollection - Parsing relationship: /_rels/.rels
09:07:20.557 [main] DEBUG org.apache.poi.ooxml.POIXMLFactory - using default POIXMLDocumentPart for http://schemas.openxmlformats.org/officeDocument/2006/relationships/printerSettings
